        -:    0:Source:frequencies.c
        -:    0:Programs:3
        -:    1:#include <stdlib.h>
        -:    2:#include <stdio.h>
        -:    3:#include <string.h>
        -:    4:#include <errno.h>
        -:    5:#include <stdbool.h>
        -:    6:#include "frequencies.h"
        -:    7:
        3:    8:bool calc_frequencies(Frequencies freqs, const char* path, const char** a_error) {
        3:    9:	FILE* fp = fopen(path, "r");
        3:   10:	if(fp == NULL) {
        1:   11:		*a_error = strerror(errno);
        1:   12:		printf("Error: %s", *a_error);
        1:   13:		return false;
        -:   14:	}
        -:   15:	else {
       19:   16:		for(unsigned char ch = fgetc(fp); ! feof(fp); ch = fgetc(fp)) {
       17:   17:			freqs[ch]++;
        -:   18:		}
        2:   19:		return true;
        -:   20:	}
        -:   21:
        -:   22:	fclose(fp);
        -:   23:}
        -:   24:/* vim: set tabstop=4 shiftwidth=4 fileencoding=utf-8 noexpandtab: */
